<?xml version="1.0" encoding="UTF-8"?>
<!-- Generated by org.testng.reporters.JUnitReportReporter -->
<testsuite hostname="DESKTOP-HUMDIKQ" name="mocktest.NewTest" tests="4" failures="0" timestamp="21 Feb 2020 06:09:23 GMT" time="95.963" errors="0">
  <testcase name="registerTest" time="22.283" classname="mocktest.NewTest"/>
  <testcase name="registerTest" time="25.059" classname="mocktest.NewTest"/>
  <testcase name="registerTest" time="26.073" classname="mocktest.NewTest"/>
  <testcase name="registerTest" time="22.548" classname="mocktest.NewTest"/>
</testsuite> <!-- mocktest.NewTest -->
