<?xml version="1.0" encoding="UTF-8"?>
<!-- Generated by org.testng.reporters.JUnitReportReporter -->
<testsuite hostname="DESKTOP-HUMDIKQ" name="datadriventestingusingexcel.TestUsingExcelSheet" tests="1" failures="0" timestamp="25 Feb 2020 06:42:28 GMT" time="5.764" errors="0">
  <testcase name="f" time="5.764" classname="datadriventestingusingexcel.TestUsingExcelSheet"/>
</testsuite> <!-- datadriventestingusingexcel.TestUsingExcelSheet -->
