<?xml version="1.0" encoding="UTF-8"?>
<!-- Generated by org.testng.reporters.JUnitReportReporter -->
<testsuite hostname="DESKTOP-HUMDIKQ" name="testngpractice.NewTest" tests="1" failures="0" timestamp="19 Feb 2020 09:13:53 GMT" time="0.010" errors="0">
  <testcase name="testMethod1" time="0.010" classname="testngpractice.NewTest"/>
</testsuite> <!-- testngpractice.NewTest -->
