<?xml version="1.0" encoding="UTF-8"?>
<!-- Generated by org.testng.reporters.JUnitReportReporter -->
<testsuite hostname="DESKTOP-HUMDIKQ" name="datadriventestingusingexcel.TestUsingExcelSheetXLSX" tests="1" failures="0" timestamp="25 Feb 2020 10:44:35 GMT" time="65.060" errors="0">
  <testcase name="f" time="65.060" classname="datadriventestingusingexcel.TestUsingExcelSheetXLSX"/>
</testsuite> <!-- datadriventestingusingexcel.TestUsingExcelSheetXLSX -->
